[2019-07-30 23:01:20,402] INFO Reading configuration from: config/zookeeper.properties (org.apache.zookeeper.server.quorum.QuorumPeerConfig)
[2019-07-30 23:01:20,467] INFO autopurge.snapRetainCount set to 3 (org.apache.zookeeper.server.DatadirCleanupManager)
[2019-07-30 23:01:20,467] INFO autopurge.purgeInterval set to 0 (org.apache.zookeeper.server.DatadirCleanupManager)
[2019-07-30 23:01:20,467] INFO Purge task is not scheduled. (org.apache.zookeeper.server.DatadirCleanupManager)
[2019-07-30 23:01:20,467] WARN Either no config or no quorum defined in config, running  in standalone mode (org.apache.zookeeper.server.quorum.QuorumPeerMain)
[2019-07-30 23:01:20,482] INFO Reading configuration from: config/zookeeper.properties (org.apache.zookeeper.server.quorum.QuorumPeerConfig)
[2019-07-30 23:01:20,482] INFO Starting server (org.apache.zookeeper.server.ZooKeeperServerMain)
[2019-07-30 23:01:20,502] INFO Server environment:zookeeper.version=3.4.13-2d71af4dbe22557fda74f9a9b4309b15a7487f03, built on 06/29/2018 00:39 GMT (org.apache.zookeeper.server.ZooKeeperServer)
[2019-07-30 23:01:20,502] INFO Server environment:host.name=vm2 (org.apache.zookeeper.server.ZooKeeperServer)
[2019-07-30 23:01:20,502] INFO Server environment:java.version=1.8.0_222 (org.apache.zookeeper.server.ZooKeeperServer)
[2019-07-30 23:01:20,502] INFO Server environment:java.vendor=Oracle Corporation (org.apache.zookeeper.server.ZooKeeperServer)
[2019-07-30 23:01:20,502] INFO Server environment:java.home=/usr/lib/jvm/java-1.8.0-openjdk-1.8.0.222.b10-0.el7_6.x86_64/jre (org.apache.zookeeper.server.ZooKeeperServer)
[2019-07-30 23:01:20,502] INFO Server environment:java.class.path=/root/kafka_2.12-2.2.0/bin/../libs/activation-1.1.1.jar:/root/kafka_2.12-2.2.0/bin/../libs/aopalliance-repackaged-2.5.0-b42.jar:/root/kafka_2.12-2.2.0/bin/../libs/argparse4j-0.7.0.jar:/root/kafka_2.12-2.2.0/bin/../libs/audience-annotations-0.5.0.jar:/root/kafka_2.12-2.2.0/bin/../libs/commons-lang3-3.8.1.jar:/root/kafka_2.12-2.2.0/bin/../libs/connect-api-2.2.0.jar:/root/kafka_2.12-2.2.0/bin/../libs/connect-basic-auth-extension-2.2.0.jar:/root/kafka_2.12-2.2.0/bin/../libs/connect-file-2.2.0.jar:/root/kafka_2.12-2.2.0/bin/../libs/connect-json-2.2.0.jar:/root/kafka_2.12-2.2.0/bin/../libs/connect-runtime-2.2.0.jar:/root/kafka_2.12-2.2.0/bin/../libs/connect-transforms-2.2.0.jar:/root/kafka_2.12-2.2.0/bin/../libs/guava-20.0.jar:/root/kafka_2.12-2.2.0/bin/../libs/hk2-api-2.5.0-b42.jar:/root/kafka_2.12-2.2.0/bin/../libs/hk2-locator-2.5.0-b42.jar:/root/kafka_2.12-2.2.0/bin/../libs/hk2-utils-2.5.0-b42.jar:/root/kafka_2.12-2.2.0/bin/../libs/jackson-annotations-2.9.8.jar:/root/kafka_2.12-2.2.0/bin/../libs/jackson-core-2.9.8.jar:/root/kafka_2.12-2.2.0/bin/../libs/jackson-databind-2.9.8.jar:/root/kafka_2.12-2.2.0/bin/../libs/jackson-datatype-jdk8-2.9.8.jar:/root/kafka_2.12-2.2.0/bin/../libs/jackson-jaxrs-base-2.9.8.jar:/root/kafka_2.12-2.2.0/bin/../libs/jackson-jaxrs-json-provider-2.9.8.jar:/root/kafka_2.12-2.2.0/bin/../libs/jackson-module-jaxb-annotations-2.9.8.jar:/root/kafka_2.12-2.2.0/bin/../libs/javassist-3.22.0-CR2.jar:/root/kafka_2.12-2.2.0/bin/../libs/javax.annotation-api-1.2.jar:/root/kafka_2.12-2.2.0/bin/../libs/javax.inject-1.jar:/root/kafka_2.12-2.2.0/bin/../libs/javax.inject-2.5.0-b42.jar:/root/kafka_2.12-2.2.0/bin/../libs/javax.servlet-api-3.1.0.jar:/root/kafka_2.12-2.2.0/bin/../libs/javax.ws.rs-api-2.1.1.jar:/root/kafka_2.12-2.2.0/bin/../libs/javax.ws.rs-api-2.1.jar:/root/kafka_2.12-2.2.0/bin/../libs/jaxb-api-2.3.0.jar:/root/kafka_2.12-2.2.0/bin/../libs/jersey-client-2.27.jar:/root/kafka_2.12-2.2.0/bin/../libs/jersey-common-2.27.jar:/root/kafka_2.12-2.2.0/bin/../libs/jersey-container-servlet-2.27.jar:/root/kafka_2.12-2.2.0/bin/../libs/jersey-container-servlet-core-2.27.jar:/root/kafka_2.12-2.2.0/bin/../libs/jersey-hk2-2.27.jar:/root/kafka_2.12-2.2.0/bin/../libs/jersey-media-jaxb-2.27.jar:/root/kafka_2.12-2.2.0/bin/../libs/jersey-server-2.27.jar:/root/kafka_2.12-2.2.0/bin/../libs/jetty-client-9.4.14.v20181114.jar:/root/kafka_2.12-2.2.0/bin/../libs/jetty-continuation-9.4.14.v20181114.jar:/root/kafka_2.12-2.2.0/bin/../libs/jetty-http-9.4.14.v20181114.jar:/root/kafka_2.12-2.2.0/bin/../libs/jetty-io-9.4.14.v20181114.jar:/root/kafka_2.12-2.2.0/bin/../libs/jetty-security-9.4.14.v20181114.jar:/root/kafka_2.12-2.2.0/bin/../libs/jetty-server-9.4.14.v20181114.jar:/root/kafka_2.12-2.2.0/bin/../libs/jetty-servlet-9.4.14.v20181114.jar:/root/kafka_2.12-2.2.0/bin/../libs/jetty-servlets-9.4.14.v20181114.jar:/root/kafka_2.12-2.2.0/bin/../libs/jetty-util-9.4.14.v20181114.jar:/root/kafka_2.12-2.2.0/bin/../libs/jopt-simple-5.0.4.jar:/root/kafka_2.12-2.2.0/bin/../libs/kafka_2.12-2.2.0.jar:/root/kafka_2.12-2.2.0/bin/../libs/kafka_2.12-2.2.0-sources.jar:/root/kafka_2.12-2.2.0/bin/../libs/kafka-clients-2.2.0.jar:/root/kafka_2.12-2.2.0/bin/../libs/kafka-log4j-appender-2.2.0.jar:/root/kafka_2.12-2.2.0/bin/../libs/kafka-streams-2.2.0.jar:/root/kafka_2.12-2.2.0/bin/../libs/kafka-streams-examples-2.2.0.jar:/root/kafka_2.12-2.2.0/bin/../libs/kafka-streams-scala_2.12-2.2.0.jar:/root/kafka_2.12-2.2.0/bin/../libs/kafka-streams-test-utils-2.2.0.jar:/root/kafka_2.12-2.2.0/bin/../libs/kafka-tools-2.2.0.jar:/root/kafka_2.12-2.2.0/bin/../libs/log4j-1.2.17.jar:/root/kafka_2.12-2.2.0/bin/../libs/lz4-java-1.5.0.jar:/root/kafka_2.12-2.2.0/bin/../libs/maven-artifact-3.6.0.jar:/root/kafka_2.12-2.2.0/bin/../libs/metrics-core-2.2.0.jar:/root/kafka_2.12-2.2.0/bin/../libs/osgi-resource-locator-1.0.1.jar:/root/kafka_2.12-2.2.0/bin/../libs/plexus-utils-3.1.0.jar:/root/kafka_2.12-2.2.0/bin/../libs/reflections-0.9.11.jar:/root/kafka_2.12-2.2.0/bin/../libs/rocksdbjni-5.15.10.jar:/root/kafka_2.12-2.2.0/bin/../libs/scala-library-2.12.8.jar:/root/kafka_2.12-2.2.0/bin/../libs/scala-logging_2.12-3.9.0.jar:/root/kafka_2.12-2.2.0/bin/../libs/scala-reflect-2.12.8.jar:/root/kafka_2.12-2.2.0/bin/../libs/slf4j-api-1.7.25.jar:/root/kafka_2.12-2.2.0/bin/../libs/slf4j-log4j12-1.7.25.jar:/root/kafka_2.12-2.2.0/bin/../libs/snappy-java-1.1.7.2.jar:/root/kafka_2.12-2.2.0/bin/../libs/validation-api-1.1.0.Final.jar:/root/kafka_2.12-2.2.0/bin/../libs/zkclient-0.11.jar:/root/kafka_2.12-2.2.0/bin/../libs/zookeeper-3.4.13.jar:/root/kafka_2.12-2.2.0/bin/../libs/zstd-jni-1.3.8-1.jar (org.apache.zookeeper.server.ZooKeeperServer)
[2019-07-30 23:01:20,502] INFO Server environment:java.library.path=/usr/java/packages/lib/amd64:/usr/lib64:/lib64:/lib:/usr/lib (org.apache.zookeeper.server.ZooKeeperServer)
[2019-07-30 23:01:20,502] INFO Server environment:java.io.tmpdir=/tmp (org.apache.zookeeper.server.ZooKeeperServer)
[2019-07-30 23:01:20,502] INFO Server environment:java.compiler=<NA> (org.apache.zookeeper.server.ZooKeeperServer)
[2019-07-30 23:01:20,502] INFO Server environment:os.name=Linux (org.apache.zookeeper.server.ZooKeeperServer)
[2019-07-30 23:01:20,502] INFO Server environment:os.arch=amd64 (org.apache.zookeeper.server.ZooKeeperServer)
[2019-07-30 23:01:20,502] INFO Server environment:os.version=3.10.0-862.el7.x86_64 (org.apache.zookeeper.server.ZooKeeperServer)
[2019-07-30 23:01:20,502] INFO Server environment:user.name=root (org.apache.zookeeper.server.ZooKeeperServer)
[2019-07-30 23:01:20,502] INFO Server environment:user.home=/root (org.apache.zookeeper.server.ZooKeeperServer)
[2019-07-30 23:01:20,502] INFO Server environment:user.dir=/root/kafka_2.12-2.2.0 (org.apache.zookeeper.server.ZooKeeperServer)
[2019-07-30 23:01:20,527] INFO tickTime set to 3000 (org.apache.zookeeper.server.ZooKeeperServer)
[2019-07-30 23:01:20,527] INFO minSessionTimeout set to -1 (org.apache.zookeeper.server.ZooKeeperServer)
[2019-07-30 23:01:20,527] INFO maxSessionTimeout set to -1 (org.apache.zookeeper.server.ZooKeeperServer)
[2019-07-30 23:01:20,539] INFO Using org.apache.zookeeper.server.NIOServerCnxnFactory as server connection factory (org.apache.zookeeper.server.ServerCnxnFactory)
[2019-07-30 23:01:20,552] INFO binding to port 0.0.0.0/0.0.0.0:2181 (org.apache.zookeeper.server.NIOServerCnxnFactory)
[2019-07-30 23:02:04,974] INFO Accepted socket connection from /0:0:0:0:0:0:0:1:44696 (org.apache.zookeeper.server.NIOServerCnxnFactory)
[2019-07-30 23:02:04,978] INFO Client attempting to establish new session at /0:0:0:0:0:0:0:1:44696 (org.apache.zookeeper.server.ZooKeeperServer)
[2019-07-30 23:02:04,978] INFO Creating new log file: log.c5 (org.apache.zookeeper.server.persistence.FileTxnLog)
[2019-07-30 23:02:04,987] INFO Established session 0x100015b77140000 with negotiated timeout 6000 for client /0:0:0:0:0:0:0:1:44696 (org.apache.zookeeper.server.ZooKeeperServer)
[2019-07-30 23:02:05,035] INFO Got user-level KeeperException when processing sessionid:0x100015b77140000 type:create cxid:0x1 zxid:0xc6 txntype:-1 reqpath:n/a Error Path:/consumers Error:KeeperErrorCode = NodeExists for /consumers (org.apache.zookeeper.server.PrepRequestProcessor)
[2019-07-30 23:02:05,044] INFO Got user-level KeeperException when processing sessionid:0x100015b77140000 type:create cxid:0x2 zxid:0xc7 txntype:-1 reqpath:n/a Error Path:/brokers/ids Error:KeeperErrorCode = NodeExists for /brokers/ids (org.apache.zookeeper.server.PrepRequestProcessor)
[2019-07-30 23:02:05,046] INFO Got user-level KeeperException when processing sessionid:0x100015b77140000 type:create cxid:0x3 zxid:0xc8 txntype:-1 reqpath:n/a Error Path:/brokers/topics Error:KeeperErrorCode = NodeExists for /brokers/topics (org.apache.zookeeper.server.PrepRequestProcessor)
[2019-07-30 23:02:05,047] INFO Got user-level KeeperException when processing sessionid:0x100015b77140000 type:create cxid:0x4 zxid:0xc9 txntype:-1 reqpath:n/a Error Path:/config/changes Error:KeeperErrorCode = NodeExists for /config/changes (org.apache.zookeeper.server.PrepRequestProcessor)
[2019-07-30 23:02:05,049] INFO Got user-level KeeperException when processing sessionid:0x100015b77140000 type:create cxid:0x5 zxid:0xca txntype:-1 reqpath:n/a Error Path:/admin/delete_topics Error:KeeperErrorCode = NodeExists for /admin/delete_topics (org.apache.zookeeper.server.PrepRequestProcessor)
[2019-07-30 23:02:05,050] INFO Got user-level KeeperException when processing sessionid:0x100015b77140000 type:create cxid:0x6 zxid:0xcb txntype:-1 reqpath:n/a Error Path:/brokers/seqid Error:KeeperErrorCode = NodeExists for /brokers/seqid (org.apache.zookeeper.server.PrepRequestProcessor)
[2019-07-30 23:02:05,052] INFO Got user-level KeeperException when processing sessionid:0x100015b77140000 type:create cxid:0x7 zxid:0xcc txntype:-1 reqpath:n/a Error Path:/isr_change_notification Error:KeeperErrorCode = NodeExists for /isr_change_notification (org.apache.zookeeper.server.PrepRequestProcessor)
[2019-07-30 23:02:05,053] INFO Got user-level KeeperException when processing sessionid:0x100015b77140000 type:create cxid:0x8 zxid:0xcd txntype:-1 reqpath:n/a Error Path:/latest_producer_id_block Error:KeeperErrorCode = NodeExists for /latest_producer_id_block (org.apache.zookeeper.server.PrepRequestProcessor)
[2019-07-30 23:02:05,055] INFO Got user-level KeeperException when processing sessionid:0x100015b77140000 type:create cxid:0x9 zxid:0xce txntype:-1 reqpath:n/a Error Path:/log_dir_event_notification Error:KeeperErrorCode = NodeExists for /log_dir_event_notification (org.apache.zookeeper.server.PrepRequestProcessor)
[2019-07-30 23:02:05,057] INFO Got user-level KeeperException when processing sessionid:0x100015b77140000 type:create cxid:0xa zxid:0xcf txntype:-1 reqpath:n/a Error Path:/config/topics Error:KeeperErrorCode = NodeExists for /config/topics (org.apache.zookeeper.server.PrepRequestProcessor)
[2019-07-30 23:02:05,058] INFO Got user-level KeeperException when processing sessionid:0x100015b77140000 type:create cxid:0xb zxid:0xd0 txntype:-1 reqpath:n/a Error Path:/config/clients Error:KeeperErrorCode = NodeExists for /config/clients (org.apache.zookeeper.server.PrepRequestProcessor)
[2019-07-30 23:02:05,060] INFO Got user-level KeeperException when processing sessionid:0x100015b77140000 type:create cxid:0xc zxid:0xd1 txntype:-1 reqpath:n/a Error Path:/config/users Error:KeeperErrorCode = NodeExists for /config/users (org.apache.zookeeper.server.PrepRequestProcessor)
[2019-07-30 23:02:05,061] INFO Got user-level KeeperException when processing sessionid:0x100015b77140000 type:create cxid:0xd zxid:0xd2 txntype:-1 reqpath:n/a Error Path:/config/brokers Error:KeeperErrorCode = NodeExists for /config/brokers (org.apache.zookeeper.server.PrepRequestProcessor)
[2019-07-30 23:02:09,384] INFO Got user-level KeeperException when processing sessionid:0x100015b77140000 type:multi cxid:0x67 zxid:0xd6 txntype:-1 reqpath:n/a aborting remaining multi ops. Error Path:/admin/preferred_replica_election Error:KeeperErrorCode = NoNode for /admin/preferred_replica_election (org.apache.zookeeper.server.PrepRequestProcessor)
[2019-07-30 23:03:58,601] INFO Accepted socket connection from /127.0.0.1:53456 (org.apache.zookeeper.server.NIOServerCnxnFactory)
[2019-07-30 23:03:58,604] INFO Client attempting to establish new session at /127.0.0.1:53456 (org.apache.zookeeper.server.ZooKeeperServer)
[2019-07-30 23:03:58,605] INFO Established session 0x100015b77140001 with negotiated timeout 6000 for client /127.0.0.1:53456 (org.apache.zookeeper.server.ZooKeeperServer)
[2019-07-30 23:03:58,692] INFO Got user-level KeeperException when processing sessionid:0x100015b77140001 type:create cxid:0x1 zxid:0xd8 txntype:-1 reqpath:n/a Error Path:/consumers Error:KeeperErrorCode = NodeExists for /consumers (org.apache.zookeeper.server.PrepRequestProcessor)
[2019-07-30 23:03:58,732] INFO Got user-level KeeperException when processing sessionid:0x100015b77140001 type:create cxid:0x2 zxid:0xd9 txntype:-1 reqpath:n/a Error Path:/brokers/ids Error:KeeperErrorCode = NodeExists for /brokers/ids (org.apache.zookeeper.server.PrepRequestProcessor)
[2019-07-30 23:03:58,733] INFO Got user-level KeeperException when processing sessionid:0x100015b77140001 type:create cxid:0x3 zxid:0xda txntype:-1 reqpath:n/a Error Path:/brokers/topics Error:KeeperErrorCode = NodeExists for /brokers/topics (org.apache.zookeeper.server.PrepRequestProcessor)
[2019-07-30 23:03:58,734] INFO Got user-level KeeperException when processing sessionid:0x100015b77140001 type:create cxid:0x4 zxid:0xdb txntype:-1 reqpath:n/a Error Path:/config/changes Error:KeeperErrorCode = NodeExists for /config/changes (org.apache.zookeeper.server.PrepRequestProcessor)
[2019-07-30 23:03:58,736] INFO Got user-level KeeperException when processing sessionid:0x100015b77140001 type:create cxid:0x5 zxid:0xdc txntype:-1 reqpath:n/a Error Path:/admin/delete_topics Error:KeeperErrorCode = NodeExists for /admin/delete_topics (org.apache.zookeeper.server.PrepRequestProcessor)
[2019-07-30 23:03:58,737] INFO Got user-level KeeperException when processing sessionid:0x100015b77140001 type:create cxid:0x6 zxid:0xdd txntype:-1 reqpath:n/a Error Path:/brokers/seqid Error:KeeperErrorCode = NodeExists for /brokers/seqid (org.apache.zookeeper.server.PrepRequestProcessor)
[2019-07-30 23:03:58,738] INFO Got user-level KeeperException when processing sessionid:0x100015b77140001 type:create cxid:0x7 zxid:0xde txntype:-1 reqpath:n/a Error Path:/isr_change_notification Error:KeeperErrorCode = NodeExists for /isr_change_notification (org.apache.zookeeper.server.PrepRequestProcessor)
[2019-07-30 23:03:58,739] INFO Got user-level KeeperException when processing sessionid:0x100015b77140001 type:create cxid:0x8 zxid:0xdf txntype:-1 reqpath:n/a Error Path:/latest_producer_id_block Error:KeeperErrorCode = NodeExists for /latest_producer_id_block (org.apache.zookeeper.server.PrepRequestProcessor)
[2019-07-30 23:03:58,741] INFO Got user-level KeeperException when processing sessionid:0x100015b77140001 type:create cxid:0x9 zxid:0xe0 txntype:-1 reqpath:n/a Error Path:/log_dir_event_notification Error:KeeperErrorCode = NodeExists for /log_dir_event_notification (org.apache.zookeeper.server.PrepRequestProcessor)
[2019-07-30 23:03:58,742] INFO Got user-level KeeperException when processing sessionid:0x100015b77140001 type:create cxid:0xa zxid:0xe1 txntype:-1 reqpath:n/a Error Path:/config/topics Error:KeeperErrorCode = NodeExists for /config/topics (org.apache.zookeeper.server.PrepRequestProcessor)
[2019-07-30 23:03:58,743] INFO Got user-level KeeperException when processing sessionid:0x100015b77140001 type:create cxid:0xb zxid:0xe2 txntype:-1 reqpath:n/a Error Path:/config/clients Error:KeeperErrorCode = NodeExists for /config/clients (org.apache.zookeeper.server.PrepRequestProcessor)
[2019-07-30 23:03:58,744] INFO Got user-level KeeperException when processing sessionid:0x100015b77140001 type:create cxid:0xc zxid:0xe3 txntype:-1 reqpath:n/a Error Path:/config/users Error:KeeperErrorCode = NodeExists for /config/users (org.apache.zookeeper.server.PrepRequestProcessor)
[2019-07-30 23:03:58,746] INFO Got user-level KeeperException when processing sessionid:0x100015b77140001 type:create cxid:0xd zxid:0xe4 txntype:-1 reqpath:n/a Error Path:/config/brokers Error:KeeperErrorCode = NodeExists for /config/brokers (org.apache.zookeeper.server.PrepRequestProcessor)
[2019-07-30 23:03:59,551] INFO Processed session termination for sessionid: 0x100015b77140001 (org.apache.zookeeper.server.PrepRequestProcessor)
[2019-07-30 23:03:59,556] INFO Closed socket connection for client /127.0.0.1:53456 which had sessionid 0x100015b77140001 (org.apache.zookeeper.server.NIOServerCnxn)
